
*** Running vivado
    with args -log sixteenbit_adder_top.vds -m64 -product Vivado -mode batch -messageDb vivado.pb -notrace -source sixteenbit_adder_top.tcl



****** Vivado v2022.1 (64-bit)
  **** SW Build 3526262 on Mon Apr 18 15:48:16 MDT 2022
  **** IP Build 3524634 on Mon Apr 18 20:55:01 MDT 2022
    ** Copyright 1986-2022 Xilinx, Inc. All Rights Reserved.

source sixteenbit_adder_top.tcl -notrace
Command: read_checkpoint -auto_incremental -incremental C:/Users/janarthanan.ak/Desktop/lab0_aj/lab1/lab1.srcs/utils_1/imports/synth_1/sixteenbit_adder_top.dcp
INFO: [Vivado 12-5825] Read reference checkpoint from C:/Users/janarthanan.ak/Desktop/lab0_aj/lab1/lab1.srcs/utils_1/imports/synth_1/sixteenbit_adder_top.dcp for incremental synthesis
INFO: [Vivado 12-7989] Please ensure there are no constraint changes
Command: synth_design -top sixteenbit_adder_top -part xc7z020clg400-1
Starting synth_design
Attempting to get a license for feature 'Synthesis' and/or device 'xc7z020'
INFO: [Common 17-349] Got license for feature 'Synthesis' and/or device 'xc7z020'
INFO: [Device 21-403] Loading part xc7z020clg400-1
INFO: [Designutils 20-5440] No compile time benefit to using incremental synthesis; A full resynthesis will be run
INFO: [Designutils 20-4379] Flow is switching to default flow due to incremental criteria not met. If you would like to alter this behaviour and have the flow terminate instead, please set the following parameter config_implementation {autoIncr.Synth.RejectBehavior Terminate}
INFO: [Synth 8-7079] Multithreading enabled for synth_design using a maximum of 2 processes.
INFO: [Synth 8-7078] Launching helper process for spawning children vivado processes
INFO: [Synth 8-7075] Helper process launched with PID 46012
---------------------------------------------------------------------------------
Starting RTL Elaboration : Time (s): cpu = 00:00:03 ; elapsed = 00:00:03 . Memory (MB): peak = 1638.715 ; gain = 0.000
---------------------------------------------------------------------------------
INFO: [Synth 8-6157] synthesizing module 'sixteenbit_adder_top' [C:/Users/janarthanan.ak/Downloads/sixteenbit_adder_top.sv:1]
INFO: [Synth 8-6157] synthesizing module 'sixteenbit_adder' [C:/Users/janarthanan.ak/Desktop/lab0_aj/lab1/lab1.srcs/sources_1/new/sixteenbit_adder.sv:23]
INFO: [Synth 8-6155] done synthesizing module 'sixteenbit_adder' (0#1) [C:/Users/janarthanan.ak/Desktop/lab0_aj/lab1/lab1.srcs/sources_1/new/sixteenbit_adder.sv:23]
INFO: [Synth 8-6157] synthesizing module 'Adaptor_display' [C:/Users/janarthanan.ak/Downloads/adaptor_display.sv:12]
INFO: [Synth 8-6157] synthesizing module 'clockDivider10KHz' [C:/Users/janarthanan.ak/Downloads/adaptor_display.sv:58]
INFO: [Synth 8-6155] done synthesizing module 'clockDivider10KHz' (0#1) [C:/Users/janarthanan.ak/Downloads/adaptor_display.sv:58]
INFO: [Synth 8-6157] synthesizing module 'displaySelector' [C:/Users/janarthanan.ak/Downloads/adaptor_display.sv:80]
INFO: [Synth 8-6155] done synthesizing module 'displaySelector' (0#1) [C:/Users/janarthanan.ak/Downloads/adaptor_display.sv:80]
INFO: [Synth 8-6157] synthesizing module 'activateDisplay' [C:/Users/janarthanan.ak/Downloads/adaptor_display.sv:88]
INFO: [Synth 8-226] default block is never used [C:/Users/janarthanan.ak/Downloads/adaptor_display.sv:91]
INFO: [Synth 8-6155] done synthesizing module 'activateDisplay' (0#1) [C:/Users/janarthanan.ak/Downloads/adaptor_display.sv:88]
INFO: [Synth 8-6157] synthesizing module 'hex_decoder' [C:/Users/janarthanan.ak/Downloads/adaptor_display.sv:105]
INFO: [Synth 8-226] default block is never used [C:/Users/janarthanan.ak/Downloads/adaptor_display.sv:107]
INFO: [Synth 8-6155] done synthesizing module 'hex_decoder' (0#1) [C:/Users/janarthanan.ak/Downloads/adaptor_display.sv:105]
INFO: [Synth 8-6157] synthesizing module 'bcdSelector' [C:/Users/janarthanan.ak/Downloads/adaptor_display.sv:132]
INFO: [Synth 8-226] default block is never used [C:/Users/janarthanan.ak/Downloads/adaptor_display.sv:136]
INFO: [Synth 8-6155] done synthesizing module 'bcdSelector' (0#1) [C:/Users/janarthanan.ak/Downloads/adaptor_display.sv:132]
INFO: [Synth 8-6157] synthesizing module 'bcdTo7Segment' [C:/Users/janarthanan.ak/Downloads/adaptor_display.sv:151]
INFO: [Synth 8-6155] done synthesizing module 'bcdTo7Segment' (0#1) [C:/Users/janarthanan.ak/Downloads/adaptor_display.sv:151]
INFO: [Synth 8-6155] done synthesizing module 'Adaptor_display' (0#1) [C:/Users/janarthanan.ak/Downloads/adaptor_display.sv:12]
INFO: [Synth 8-6157] synthesizing module 'vio_0' [C:/Users/janarthanan.ak/Desktop/lab0_aj/lab1/lab1.runs/synth_1/.Xil/Vivado-44248-NU-CR-3M5ZT94/realtime/vio_0_stub.v:5]
INFO: [Synth 8-6155] done synthesizing module 'vio_0' (0#1) [C:/Users/janarthanan.ak/Desktop/lab0_aj/lab1/lab1.runs/synth_1/.Xil/Vivado-44248-NU-CR-3M5ZT94/realtime/vio_0_stub.v:5]
INFO: [Synth 8-6155] done synthesizing module 'sixteenbit_adder_top' (0#1) [C:/Users/janarthanan.ak/Downloads/sixteenbit_adder_top.sv:1]
INFO: [Synth 8-6071] Mark debug on the nets applies keep_hierarchy on instance 'vio'. This will prevent further optimization [C:/Users/janarthanan.ak/Downloads/sixteenbit_adder_top.sv:28]
INFO: [Synth 8-6071] Mark debug on the nets applies keep_hierarchy on instance 'adder'. This will prevent further optimization [C:/Users/janarthanan.ak/Downloads/sixteenbit_adder_top.sv:12]
INFO: [Synth 8-6071] Mark debug on the nets applies keep_hierarchy on instance 'display'. This will prevent further optimization [C:/Users/janarthanan.ak/Downloads/sixteenbit_adder_top.sv:19]
WARNING: [Synth 8-7129] Port curr_disp[1] in module bcdTo7Segment is either unconnected or has no load
WARNING: [Synth 8-7129] Port curr_disp[0] in module bcdTo7Segment is either unconnected or has no load
---------------------------------------------------------------------------------
Finished RTL Elaboration : Time (s): cpu = 00:00:04 ; elapsed = 00:00:04 . Memory (MB): peak = 1652.734 ; gain = 14.020
---------------------------------------------------------------------------------
---------------------------------------------------------------------------------
Start Handling Custom Attributes
---------------------------------------------------------------------------------
---------------------------------------------------------------------------------
Finished Handling Custom Attributes : Time (s): cpu = 00:00:04 ; elapsed = 00:00:04 . Memory (MB): peak = 1652.734 ; gain = 14.020
---------------------------------------------------------------------------------
---------------------------------------------------------------------------------
Finished RTL Optimization Phase 1 : Time (s): cpu = 00:00:04 ; elapsed = 00:00:04 . Memory (MB): peak = 1652.734 ; gain = 14.020
---------------------------------------------------------------------------------
Netlist sorting complete. Time (s): cpu = 00:00:00 ; elapsed = 00:00:00 . Memory (MB): peak = 1652.734 ; gain = 0.000
INFO: [Project 1-570] Preparing netlist for logic optimization

Processing XDC Constraints
Initializing timing engine
Parsing XDC File [c:/Users/janarthanan.ak/Desktop/lab0_aj/lab1/lab1.gen/sources_1/ip/vio_0/vio_0/vio_0_in_context.xdc] for cell 'vio'
Finished Parsing XDC File [c:/Users/janarthanan.ak/Desktop/lab0_aj/lab1/lab1.gen/sources_1/ip/vio_0/vio_0/vio_0_in_context.xdc] for cell 'vio'
Parsing XDC File [C:/Users/janarthanan.ak/Downloads/sixteenbit_adder_constraint.xdc]
Finished Parsing XDC File [C:/Users/janarthanan.ak/Downloads/sixteenbit_adder_constraint.xdc]
INFO: [Project 1-236] Implementation specific constraints were found while reading constraint file [C:/Users/janarthanan.ak/Downloads/sixteenbit_adder_constraint.xdc]. These constraints will be ignored for synthesis but will be used in implementation. Impacted constraints are listed in the file [.Xil/sixteenbit_adder_top_propImpl.xdc].
Resolution: To avoid this warning, move constraints listed in [.Xil/sixteenbit_adder_top_propImpl.xdc] to another XDC file and exclude this new file from synthesis with the used_in_synthesis property (File Properties dialog in GUI) and re-run elaboration/synthesis.
Parsing XDC File [C:/Users/janarthanan.ak/Desktop/lab0_aj/lab1/lab1.runs/synth_1/dont_touch.xdc]
Finished Parsing XDC File [C:/Users/janarthanan.ak/Desktop/lab0_aj/lab1/lab1.runs/synth_1/dont_touch.xdc]
Completed Processing XDC Constraints

Netlist sorting complete. Time (s): cpu = 00:00:00 ; elapsed = 00:00:00 . Memory (MB): peak = 1699.609 ; gain = 0.000
INFO: [Project 1-111] Unisim Transformation Summary:
No Unisim elements were transformed.

Constraint Validation Runtime : Time (s): cpu = 00:00:00 ; elapsed = 00:00:00.001 . Memory (MB): peak = 1699.609 ; gain = 0.000
WARNING: [Timing 38-316] Clock period '10.000' specified during out-of-context synthesis of instance 'vio' at clock pin 'clk' is different from the actual clock period '8.000', this can lead to different synthesis results.
INFO: [Designutils 20-5440] No compile time benefit to using incremental synthesis; A full resynthesis will be run
INFO: [Designutils 20-4379] Flow is switching to default flow due to incremental criteria not met. If you would like to alter this behaviour and have the flow terminate instead, please set the following parameter config_implementation {autoIncr.Synth.RejectBehavior Terminate}
---------------------------------------------------------------------------------
Finished Constraint Validation : Time (s): cpu = 00:00:08 ; elapsed = 00:00:08 . Memory (MB): peak = 1701.852 ; gain = 63.137
---------------------------------------------------------------------------------
---------------------------------------------------------------------------------
Start Loading Part and Timing Information
---------------------------------------------------------------------------------
Loading part: xc7z020clg400-1
---------------------------------------------------------------------------------
Finished Loading Part and Timing Information : Time (s): cpu = 00:00:08 ; elapsed = 00:00:08 . Memory (MB): peak = 1701.852 ; gain = 63.137
---------------------------------------------------------------------------------
---------------------------------------------------------------------------------
Start Applying 'set_property' XDC Constraints
---------------------------------------------------------------------------------
Applied set_property KEEP_HIERARCHY = SOFT for vio. (constraint file  auto generated constraint).
---------------------------------------------------------------------------------
Finished applying 'set_property' XDC Constraints : Time (s): cpu = 00:00:08 ; elapsed = 00:00:08 . Memory (MB): peak = 1701.852 ; gain = 63.137
---------------------------------------------------------------------------------
---------------------------------------------------------------------------------
Finished RTL Optimization Phase 2 : Time (s): cpu = 00:00:08 ; elapsed = 00:00:08 . Memory (MB): peak = 1701.852 ; gain = 63.137
---------------------------------------------------------------------------------
---------------------------------------------------------------------------------
Start RTL Component Statistics 
---------------------------------------------------------------------------------
Detailed RTL Component Info : 
+---Adders : 
	   2 Input   32 Bit       Adders := 1     
	   2 Input   16 Bit       Adders := 1     
	   2 Input    2 Bit       Adders := 1     
+---Registers : 
	               32 Bit    Registers := 1     
	                7 Bit    Registers := 4     
	                2 Bit    Registers := 1     
	                1 Bit    Registers := 1     
+---Muxes : 
	   2 Input   32 Bit        Muxes := 1     
	   4 Input    7 Bit        Muxes := 1     
	   4 Input    4 Bit        Muxes := 1     
---------------------------------------------------------------------------------
Finished RTL Component Statistics 
---------------------------------------------------------------------------------
---------------------------------------------------------------------------------
Start Part Resource Summary
---------------------------------------------------------------------------------
Part Resources:
DSPs: 220 (col length:60)
BRAMs: 280 (col length: RAMB18 60 RAMB36 30)
---------------------------------------------------------------------------------
Finished Part Resource Summary
---------------------------------------------------------------------------------
---------------------------------------------------------------------------------
Start Cross Boundary and Area Optimization
---------------------------------------------------------------------------------
WARNING: [Synth 8-7080] Parallel synthesis criteria is not met
---------------------------------------------------------------------------------
Finished Cross Boundary and Area Optimization : Time (s): cpu = 00:00:09 ; elapsed = 00:00:09 . Memory (MB): peak = 1701.852 ; gain = 63.137
---------------------------------------------------------------------------------
---------------------------------------------------------------------------------
Start Applying XDC Timing Constraints
---------------------------------------------------------------------------------
---------------------------------------------------------------------------------
Finished Applying XDC Timing Constraints : Time (s): cpu = 00:00:12 ; elapsed = 00:00:12 . Memory (MB): peak = 1701.852 ; gain = 63.137
---------------------------------------------------------------------------------
---------------------------------------------------------------------------------
Start Timing Optimization
---------------------------------------------------------------------------------
---------------------------------------------------------------------------------
Finished Timing Optimization : Time (s): cpu = 00:00:12 ; elapsed = 00:00:12 . Memory (MB): peak = 1701.852 ; gain = 63.137
---------------------------------------------------------------------------------
---------------------------------------------------------------------------------
Start Technology Mapping
---------------------------------------------------------------------------------
---------------------------------------------------------------------------------
Finished Technology Mapping : Time (s): cpu = 00:00:12 ; elapsed = 00:00:12 . Memory (MB): peak = 1701.852 ; gain = 63.137
---------------------------------------------------------------------------------
---------------------------------------------------------------------------------
Start IO Insertion
---------------------------------------------------------------------------------
---------------------------------------------------------------------------------
Start Flattening Before IO Insertion
---------------------------------------------------------------------------------
---------------------------------------------------------------------------------
Finished Flattening Before IO Insertion
---------------------------------------------------------------------------------
---------------------------------------------------------------------------------
Start Final Netlist Cleanup
---------------------------------------------------------------------------------
---------------------------------------------------------------------------------
Finished Final Netlist Cleanup
---------------------------------------------------------------------------------
---------------------------------------------------------------------------------
Finished IO Insertion : Time (s): cpu = 00:00:14 ; elapsed = 00:00:14 . Memory (MB): peak = 1701.852 ; gain = 63.137
---------------------------------------------------------------------------------
---------------------------------------------------------------------------------
Start Renaming Generated Instances
---------------------------------------------------------------------------------
---------------------------------------------------------------------------------
Finished Renaming Generated Instances : Time (s): cpu = 00:00:14 ; elapsed = 00:00:14 . Memory (MB): peak = 1701.852 ; gain = 63.137
---------------------------------------------------------------------------------
---------------------------------------------------------------------------------
Start Rebuilding User Hierarchy
---------------------------------------------------------------------------------
---------------------------------------------------------------------------------
Finished Rebuilding User Hierarchy : Time (s): cpu = 00:00:14 ; elapsed = 00:00:14 . Memory (MB): peak = 1701.852 ; gain = 63.137
---------------------------------------------------------------------------------
---------------------------------------------------------------------------------
Start Renaming Generated Ports
---------------------------------------------------------------------------------
---------------------------------------------------------------------------------
Finished Renaming Generated Ports : Time (s): cpu = 00:00:14 ; elapsed = 00:00:14 . Memory (MB): peak = 1701.852 ; gain = 63.137
---------------------------------------------------------------------------------
---------------------------------------------------------------------------------
Start Handling Custom Attributes
---------------------------------------------------------------------------------
---------------------------------------------------------------------------------
Finished Handling Custom Attributes : Time (s): cpu = 00:00:14 ; elapsed = 00:00:14 . Memory (MB): peak = 1701.852 ; gain = 63.137
---------------------------------------------------------------------------------
---------------------------------------------------------------------------------
Start Renaming Generated Nets
---------------------------------------------------------------------------------
---------------------------------------------------------------------------------
Finished Renaming Generated Nets : Time (s): cpu = 00:00:14 ; elapsed = 00:00:14 . Memory (MB): peak = 1701.852 ; gain = 63.137
---------------------------------------------------------------------------------
---------------------------------------------------------------------------------
Start Writing Synthesis Report
---------------------------------------------------------------------------------

Report BlackBoxes: 
+------+--------------+----------+
|      |BlackBox name |Instances |
+------+--------------+----------+
|1     |vio_0         |         1|
+------+--------------+----------+

Report Cell Usage: 
+------+-------+------+
|      |Cell   |Count |
+------+-------+------+
|1     |vio    |     1|
|2     |BUFG   |     1|
|3     |CARRY4 |    12|
|4     |LUT1   |     2|
|5     |LUT2   |    21|
|6     |LUT3   |     1|
|7     |LUT4   |    33|
|8     |LUT5   |     5|
|9     |LUT6   |     7|
|10    |FDRE   |    63|
|11    |IBUF   |     1|
|12    |OBUF   |    12|
+------+-------+------+
---------------------------------------------------------------------------------
Finished Writing Synthesis Report : Time (s): cpu = 00:00:14 ; elapsed = 00:00:14 . Memory (MB): peak = 1701.852 ; gain = 63.137
---------------------------------------------------------------------------------
Synthesis finished with 0 errors, 0 critical warnings and 1 warnings.
Synthesis Optimization Runtime : Time (s): cpu = 00:00:09 ; elapsed = 00:00:13 . Memory (MB): peak = 1701.852 ; gain = 14.020
Synthesis Optimization Complete : Time (s): cpu = 00:00:14 ; elapsed = 00:00:14 . Memory (MB): peak = 1701.852 ; gain = 63.137
INFO: [Project 1-571] Translating synthesized netlist
Netlist sorting complete. Time (s): cpu = 00:00:00 ; elapsed = 00:00:00 . Memory (MB): peak = 1711.242 ; gain = 0.000
INFO: [Netlist 29-17] Analyzing 12 Unisim elements for replacement
INFO: [Netlist 29-28] Unisim Transformation completed in 0 CPU seconds
INFO: [Project 1-570] Preparing netlist for logic optimization
INFO: [Opt 31-138] Pushed 0 inverter(s) to 0 load pin(s).
Netlist sorting complete. Time (s): cpu = 00:00:00 ; elapsed = 00:00:00 . Memory (MB): peak = 1715.938 ; gain = 0.000
INFO: [Project 1-111] Unisim Transformation Summary:
No Unisim elements were transformed.

Synth Design complete, checksum: b86399f6
INFO: [Common 17-83] Releasing license: Synthesis
47 Infos, 4 Warnings, 0 Critical Warnings and 0 Errors encountered.
synth_design completed successfully
synth_design: Time (s): cpu = 00:00:15 ; elapsed = 00:00:17 . Memory (MB): peak = 1715.938 ; gain = 77.223
INFO: [Common 17-1381] The checkpoint 'C:/Users/janarthanan.ak/Desktop/lab0_aj/lab1/lab1.runs/synth_1/sixteenbit_adder_top.dcp' has been generated.
INFO: [runtcl-4] Executing : report_utilization -file sixteenbit_adder_top_utilization_synth.rpt -pb sixteenbit_adder_top_utilization_synth.pb
INFO: [Common 17-206] Exiting Vivado at Fri Jan 23 15:41:20 2026...
